<?xml version="1.0" encoding="UTF-8"?>
<!-- Generated by org.testng.reporters.JUnitXMLReporter -->
<testsuite ignored="0" hostname="LAPTOP-EOB9U4EP" failures="0" tests="1" name="home-page tests" time="1.823" errors="0" timestamp="2025-06-12T08:11:04 IST">
  <testcase classname="runners.TestRunner" name="@BeforeClass setup" time="-1.749696064384E9">
    <failure type="org.testng.TestNGException" message="
Parameter &amp;apos;platform&amp;apos; is required by BeforeClass on method setup but has not been marked @Optional or defined
in C:\SeleniumAutomationFramework\Cucumber_Automation-master\localtestng.xml">
      <![CDATA[org.testng.TestNGException: 
Parameter 'platform' is required by BeforeClass on method setup but has not been marked @Optional or defined
in C:\SeleniumAutomationFramework\Cucumber_Automation-master\localtestng.xml
at java.base/java.util.ArrayList.forEach(ArrayList.java:1511)
at java.base/java.util.concurrent.FutureTask.run(FutureTask.java:264)
at java.base/java.util.concurrent.ThreadPoolExecutor.runWorker(ThreadPoolExecutor.java:1136)
at java.base/java.util.concurrent.ThreadPoolExecutor$Worker.run(ThreadPoolExecutor.java:635)
at java.base/java.lang.Thread.run(Thread.java:842)
... Removed 13 stack frames]]>
    </failure>
  </testcase> <!-- @BeforeClass setup -->
  <testcase classname="runners.TestRunner" name="@AfterClass teardown" time="-1.749696064469E9">
    <skipped/>
  </testcase> <!-- @AfterClass teardown -->
  <testcase classname="io.cucumber.testng.AbstractTestNGCucumberTests" name="runScenario" time="0.0">
    <skipped/>
  </testcase> <!-- runScenario -->
</testsuite> <!-- home-page tests -->
